# JRE version: OpenJDK Runtime Environment Temurin-21.0.10+7 (21.0.10+7) (build 21.0.10+7-LTS)
# Java VM: OpenJDK 64-Bit Server VM Temurin-21.0.10+7 (21.0.10+7-LTS, mixed mode, sharing, tiered, compressed oops, compressed class ptrs, parallel gc, windows-amd64)
GC Precious Log:
 CardTable entry size: 512
 CPUs: 8 total, 8 available
 Memory: 16167M
 Large Page Support: Disabled
 NUMA Support: Disabled
 Compressed Oops: Enabled (32-bit)
 Alignments: Space 512K, Generation 512K, Heap 2M
 Heap Min Capacity: 100M
 Heap Initial Capacity: 100M
 Heap Max Capacity: 2G
 Pre-touch: Disabled
 Parallel Workers: 8
Heap:
 PSYoungGen      total 8704K, used 5695K [0x00000000d5580000, 0x00000000d6000000, 0x0000000100000000)
  eden space 7680K, 63% used [0x00000000d5580000,0x00000000d5a4b8b0,0x00000000d5d00000)
  from space 1024K, 76% used [0x00000000d5f00000,0x00000000d5fc45e0,0x00000000d6000000)
  to   space 1536K, 0% used [0x00000000d5d00000,0x00000000d5d00000,0x00000000d5e80000)
 ParOldGen       total 1063936K, used 1063468K [0x0000000080000000, 0x00000000c0f00000, 0x00000000d5580000)
  object space 1063936K, 99% used [0x0000000080000000,0x00000000c0e8b1e0,0x00000000c0f00000)
 Metaspace       used 98583K, committed 100544K, reserved 1179648K
  class space    used 11179K, committed 12032K, reserved 1048576K
GC Heap History (20 events):
Event: 2591.145 GC heap before
{Heap before GC invocations=3023 (full 4):
 PSYoungGen      total 3072K, used 2752K [0x00000000d5580000, 0x00000000d5c80000, 0x0000000100000000)
  eden space 2560K, 100% used [0x00000000d5580000,0x00000000d5800000,0x00000000d5800000)
  from space 512K, 37% used [0x00000000d5c00000,0x00000000d5c30000,0x00000000d5c80000)
  to   space 512K, 0% used [0x00000000d5b80000,0x00000000d5b80000,0x00000000d5c00000)
 ParOldGen       total 1059328K, used 1058868K [0x0000000080000000, 0x00000000c0a80000, 0x00000000d5580000)
  object space 1059328K, 99% used [0x0000000080000000,0x00000000c0a0d378,0x00000000c0a80000)
 Metaspace       used 98533K, committed 100480K, reserved 1179648K
  class space    used 11179K, committed 12032K, reserved 1048576K
}
Event: 2591.146 GC heap after
{Heap after GC invocations=3023 (full 4):
 PSYoungGen      total 3584K, used 320K [0x00000000d5580000, 0x00000000d5c80000, 0x0000000100000000)
  eden space 3072K, 0% used [0x00000000d5580000,0x00000000d5580000,0x00000000d5880000)
  from space 512K, 62% used [0x00000000d5b80000,0x00000000d5bd0000,0x00000000d5c00000)
  to   space 512K, 0% used [0x00000000d5c00000,0x00000000d5c00000,0x00000000d5c80000)
 ParOldGen       total 1059328K, used 1058996K [0x0000000080000000, 0x00000000c0a80000, 0x00000000d5580000)
  object space 1059328K, 99% used [0x0000000080000000,0x00000000c0a2d378,0x00000000c0a80000)
 Metaspace       used 98533K, committed 100480K, reserved 1179648K
  class space    used 11179K, committed 12032K, reserved 1048576K
}
Event: 2591.150 GC heap before
{Heap before GC invocations=3024 (full 4):
 PSYoungGen      total 3584K, used 3392K [0x00000000d5580000, 0x00000000d5c80000, 0x0000000100000000)
  eden space 3072K, 100% used [0x00000000d5580000,0x00000000d5880000,0x00000000d5880000)
  from space 512K, 62% used [0x00000000d5b80000,0x00000000d5bd0000,0x00000000d5c00000)
  to   space 512K, 0% used [0x00000000d5c00000,0x00000000d5c00000,0x00000000d5c80000)
 ParOldGen       total 1059328K, used 1058996K [0x0000000080000000, 0x00000000c0a80000, 0x00000000d5580000)
  object space 1059328K, 99% used [0x0000000080000000,0x00000000c0a2d378,0x00000000c0a80000)
 Metaspace       used 98533K, committed 100480K, reserved 1179648K
  class space    used 11179K, committed 12032K, reserved 1048576K
}
Event: 2591.152 GC heap after
{Heap after GC invocations=3024 (full 4):
 PSYoungGen      total 4608K, used 384K [0x00000000d5580000, 0x00000000d5c80000, 0x0000000100000000)
  eden space 4096K, 0% used [0x00000000d5580000,0x00000000d5580000,0x00000000d5980000)
  from space 512K, 75% used [0x00000000d5c00000,0x00000000d5c60000,0x00000000d5c80000)
  to   space 512K, 0% used [0x00000000d5b80000,0x00000000d5b80000,0x00000000d5c00000)
 ParOldGen       total 1059328K, used 1059236K [0x0000000080000000, 0x00000000c0a80000, 0x00000000d5580000)
  object space 1059328K, 99% used [0x0000000080000000,0x00000000c0a69398,0x00000000c0a80000)
 Metaspace       used 98533K, committed 100480K, reserved 1179648K
  class space    used 11179K, committed 12032K, reserved 1048576K
}
Event: 2591.157 GC heap before
{Heap before GC invocations=3025 (full 4):
 PSYoungGen      total 4608K, used 4480K [0x00000000d5580000, 0x00000000d5c80000, 0x0000000100000000)
  eden space 4096K, 100% used [0x00000000d5580000,0x00000000d5980000,0x00000000d5980000)
  from space 512K, 75% used [0x00000000d5c00000,0x00000000d5c60000,0x00000000d5c80000)
  to   space 512K, 0% used [0x00000000d5b80000,0x00000000d5b80000,0x00000000d5c00000)
 ParOldGen       total 1059328K, used 1059236K [0x0000000080000000, 0x00000000c0a80000, 0x00000000d5580000)
  object space 1059328K, 99% used [0x0000000080000000,0x00000000c0a69398,0x00000000c0a80000)
 Metaspace       used 98533K, committed 100480K, reserved 1179648K
  class space    used 11179K, committed 12032K, reserved 1048576K
}
Event: 2591.159 GC heap after
{Heap after GC invocations=3025 (full 4):
 PSYoungGen      total 5632K, used 384K [0x00000000d5580000, 0x00000000d5c80000, 0x0000000100000000)
  eden space 5120K, 0% used [0x00000000d5580000,0x00000000d5580000,0x00000000d5a80000)
  from space 512K, 75% used [0x00000000d5b80000,0x00000000d5be0020,0x00000000d5c00000)
  to   space 512K, 0% used [0x00000000d5c00000,0x00000000d5c00000,0x00000000d5c80000)
 ParOldGen       total 1059840K, used 1059508K [0x0000000080000000, 0x00000000c0b00000, 0x00000000d5580000)
  object space 1059840K, 99% used [0x0000000080000000,0x00000000c0aad3b8,0x00000000c0b00000)
 Metaspace       used 98533K, committed 100480K, reserved 1179648K
  class space    used 11179K, committed 12032K, reserved 1048576K
}
Event: 2591.166 GC heap before
{Heap before GC invocations=3026 (full 4):
 PSYoungGen      total 5632K, used 5504K [0x00000000d5580000, 0x00000000d5c80000, 0x0000000100000000)
  eden space 5120K, 100% used [0x00000000d5580000,0x00000000d5a80000,0x00000000d5a80000)
  from space 512K, 75% used [0x00000000d5b80000,0x00000000d5be0020,0x00000000d5c00000)
  to   space 512K, 0% used [0x00000000d5c00000,0x00000000d5c00000,0x00000000d5c80000)
 ParOldGen       total 1059840K, used 1059508K [0x0000000080000000, 0x00000000c0b00000, 0x00000000d5580000)
  object space 1059840K, 99% used [0x0000000080000000,0x00000000c0aad3b8,0x00000000c0b00000)
 Metaspace       used 98533K, committed 100480K, reserved 1179648K
  class space    used 11179K, committed 12032K, reserved 1048576K
}
Event: 2591.168 GC heap after
{Heap after GC invocations=3026 (full 4):
 PSYoungGen      total 6656K, used 448K [0x00000000d5580000, 0x00000000d5c80000, 0x0000000100000000)
  eden space 6144K, 0% used [0x00000000d5580000,0x00000000d5580000,0x00000000d5b80000)
  from space 512K, 87% used [0x00000000d5c00000,0x00000000d5c70000,0x00000000d5c80000)
  to   space 512K, 0% used [0x00000000d5b80000,0x00000000d5b80000,0x00000000d5c00000)
 ParOldGen       total 1060352K, used 1059852K [0x0000000080000000, 0x00000000c0b80000, 0x00000000d5580000)
  object space 1060352K, 99% used [0x0000000080000000,0x00000000c0b033d8,0x00000000c0b80000)
 Metaspace       used 98533K, committed 100480K, reserved 1179648K
  class space    used 11179K, committed 12032K, reserved 1048576K
}
Event: 2591.178 GC heap before
{Heap before GC invocations=3027 (full 4):
 PSYoungGen      total 6656K, used 6592K [0x00000000d5580000, 0x00000000d5c80000, 0x0000000100000000)
  eden space 6144K, 100% used [0x00000000d5580000,0x00000000d5b80000,0x00000000d5b80000)
  from space 512K, 87% used [0x00000000d5c00000,0x00000000d5c70000,0x00000000d5c80000)
  to   space 512K, 0% used [0x00000000d5b80000,0x00000000d5b80000,0x00000000d5c00000)
 ParOldGen       total 1060352K, used 1059852K [0x0000000080000000, 0x00000000c0b80000, 0x00000000d5580000)
  object space 1060352K, 99% used [0x0000000080000000,0x00000000c0b033d8,0x00000000c0b80000)
 Metaspace       used 98534K, committed 100480K, reserved 1179648K
  class space    used 11179K, committed 12032K, reserved 1048576K
}
Event: 2591.180 GC heap after
{Heap after GC invocations=3027 (full 4):
 PSYoungGen      total 6656K, used 480K [0x00000000d5580000, 0x00000000d5f00000, 0x0000000100000000)
  eden space 6144K, 0% used [0x00000000d5580000,0x00000000d5580000,0x00000000d5b80000)
  from space 512K, 93% used [0x00000000d5b80000,0x00000000d5bf8020,0x00000000d5c00000)
  to   space 1024K, 0% used [0x00000000d5e00000,0x00000000d5e00000,0x00000000d5f00000)
 ParOldGen       total 1060352K, used 1060244K [0x0000000080000000, 0x00000000c0b80000, 0x00000000d5580000)
  object space 1060352K, 99% used [0x0000000080000000,0x00000000c0b653f8,0x00000000c0b80000)
 Metaspace       used 98534K, committed 100480K, reserved 1179648K
  class space    used 11179K, committed 12032K, reserved 1048576K
}
Event: 2591.188 GC heap before
{Heap before GC invocations=3028 (full 4):
 PSYoungGen      total 6656K, used 6624K [0x00000000d5580000, 0x00000000d5f00000, 0x0000000100000000)
  eden space 6144K, 100% used [0x00000000d5580000,0x00000000d5b80000,0x00000000d5b80000)
  from space 512K, 93% used [0x00000000d5b80000,0x00000000d5bf8020,0x00000000d5c00000)
  to   space 1024K, 0% used [0x00000000d5e00000,0x00000000d5e00000,0x00000000d5f00000)
 ParOldGen       total 1060352K, used 1060244K [0x0000000080000000, 0x00000000c0b80000, 0x00000000d5580000)
  object space 1060352K, 99% used [0x0000000080000000,0x00000000c0b653f8,0x00000000c0b80000)
 Metaspace       used 98534K, committed 100480K, reserved 1179648K
  class space    used 11179K, committed 12032K, reserved 1048576K
}
Event: 2591.190 GC heap after
{Heap after GC invocations=3028 (full 4):
 PSYoungGen      total 8704K, used 624K [0x00000000d5580000, 0x00000000d5f00000, 0x0000000100000000)
  eden space 7680K, 0% used [0x00000000d5580000,0x00000000d5580000,0x00000000d5d00000)
  from space 1024K, 60% used [0x00000000d5e00000,0x00000000d5e9c030,0x00000000d5f00000)
  to   space 1024K, 0% used [0x00000000d5d00000,0x00000000d5d00000,0x00000000d5e00000)
 ParOldGen       total 1060864K, used 1060685K [0x0000000080000000, 0x00000000c0c00000, 0x00000000d5580000)
  object space 1060864K, 99% used [0x0000000080000000,0x00000000c0bd3428,0x00000000c0c00000)
 Metaspace       used 98534K, committed 100480K, reserved 1179648K
  class space    used 11179K, committed 12032K, reserved 1048576K
}
Event: 2591.201 GC heap before
{Heap before GC invocations=3029 (full 4):
 PSYoungGen      total 8704K, used 8304K [0x00000000d5580000, 0x00000000d5f00000, 0x0000000100000000)
  eden space 7680K, 100% used [0x00000000d5580000,0x00000000d5d00000,0x00000000d5d00000)
  from space 1024K, 60% used [0x00000000d5e00000,0x00000000d5e9c030,0x00000000d5f00000)
  to   space 1024K, 0% used [0x00000000d5d00000,0x00000000d5d00000,0x00000000d5e00000)
 ParOldGen       total 1060864K, used 1060685K [0x0000000080000000, 0x00000000c0c00000, 0x00000000d5580000)
  object space 1060864K, 99% used [0x0000000080000000,0x00000000c0bd3428,0x00000000c0c00000)
 Metaspace       used 98534K, committed 100480K, reserved 1179648K
  class space    used 11179K, committed 12032K, reserved 1048576K
}
Event: 2591.203 GC heap after
{Heap after GC invocations=3029 (full 4):
 PSYoungGen      total 8704K, used 624K [0x00000000d5580000, 0x00000000d6080000, 0x0000000100000000)
  eden space 7680K, 0% used [0x00000000d5580000,0x00000000d5580000,0x00000000d5d00000)
  from space 1024K, 60% used [0x00000000d5d00000,0x00000000d5d9c010,0x00000000d5e00000)
  to   space 1024K, 0% used [0x00000000d5f80000,0x00000000d5f80000,0x00000000d6080000)
 ParOldGen       total 1061376K, used 1061205K [0x0000000080000000, 0x00000000c0c80000, 0x00000000d5580000)
  object space 1061376K, 99% used [0x0000000080000000,0x00000000c0c55468,0x00000000c0c80000)
 Metaspace       used 98534K, committed 100480K, reserved 1179648K
  class space    used 11179K, committed 12032K, reserved 1048576K
}
Event: 2591.215 GC heap before
{Heap before GC invocations=3030 (full 4):
 PSYoungGen      total 8704K, used 8304K [0x00000000d5580000, 0x00000000d6080000, 0x0000000100000000)
  eden space 7680K, 100% used [0x00000000d5580000,0x00000000d5d00000,0x00000000d5d00000)
  from space 1024K, 60% used [0x00000000d5d00000,0x00000000d5d9c010,0x00000000d5e00000)
  to   space 1024K, 0% used [0x00000000d5f80000,0x00000000d5f80000,0x00000000d6080000)
 ParOldGen       total 1061376K, used 1061205K [0x0000000080000000, 0x00000000c0c80000, 0x00000000d5580000)
  object space 1061376K, 99% used [0x0000000080000000,0x00000000c0c55468,0x00000000c0c80000)
 Metaspace       used 98578K, committed 100544K, reserved 1179648K
  class space    used 11179K, committed 12032K, reserved 1048576K
}
Event: 2591.218 GC heap after
{Heap after GC invocations=3030 (full 4):
 PSYoungGen      total 8704K, used 736K [0x00000000d5580000, 0x00000000d6080000, 0x0000000100000000)
  eden space 7680K, 0% used [0x00000000d5580000,0x00000000d5580000,0x00000000d5d00000)
  from space 1024K, 71% used [0x00000000d5f80000,0x00000000d6038020,0x00000000d6080000)
  to   space 1024K, 0% used [0x00000000d5d00000,0x00000000d5d00000,0x00000000d5e00000)
 ParOldGen       total 1061888K, used 1061757K [0x0000000080000000, 0x00000000c0d00000, 0x00000000d5580000)
  object space 1061888K, 99% used [0x0000000080000000,0x00000000c0cdf4a8,0x00000000c0d00000)
 Metaspace       used 98578K, committed 100544K, reserved 1179648K
  class space    used 11179K, committed 12032K, reserved 1048576K
}
Event: 2591.249 GC heap before
{Heap before GC invocations=3031 (full 4):
 PSYoungGen      total 8704K, used 8416K [0x00000000d5580000, 0x00000000d6080000, 0x0000000100000000)
  eden space 7680K, 100% used [0x00000000d5580000,0x00000000d5d00000,0x00000000d5d00000)
  from space 1024K, 71% used [0x00000000d5f80000,0x00000000d6038020,0x00000000d6080000)
  to   space 1024K, 0% used [0x00000000d5d00000,0x00000000d5d00000,0x00000000d5e00000)
 ParOldGen       total 1061888K, used 1061757K [0x0000000080000000, 0x00000000c0d00000, 0x00000000d5580000)
  object space 1061888K, 99% used [0x0000000080000000,0x00000000c0cdf4a8,0x00000000c0d00000)
 Metaspace       used 98579K, committed 100544K, reserved 1179648K
  class space    used 11179K, committed 12032K, reserved 1048576K
}
Event: 2591.252 GC heap after
{Heap after GC invocations=3031 (full 4):
 PSYoungGen      total 8704K, used 1024K [0x00000000d5580000, 0x00000000d6100000, 0x0000000100000000)
  eden space 7680K, 0% used [0x00000000d5580000,0x00000000d5580000,0x00000000d5d00000)
  from space 1024K, 100% used [0x00000000d5d00000,0x00000000d5e00000,0x00000000d5e00000)
  to   space 2048K, 0% used [0x00000000d5f00000,0x00000000d5f00000,0x00000000d6100000)
 ParOldGen       total 1062912K, used 1062420K [0x0000000080000000, 0x00000000c0e00000, 0x00000000d5580000)
  object space 1062912K, 99% used [0x0000000080000000,0x00000000c0d851b0,0x00000000c0e00000)
 Metaspace       used 98579K, committed 100544K, reserved 1179648K
  class space    used 11179K, committed 12032K, reserved 1048576K
}
Event: 2591.278 GC heap before
{Heap before GC invocations=3032 (full 4):
 PSYoungGen      total 8704K, used 8704K [0x00000000d5580000, 0x00000000d6100000, 0x0000000100000000)
  eden space 7680K, 100% used [0x00000000d5580000,0x00000000d5d00000,0x00000000d5d00000)
  from space 1024K, 100% used [0x00000000d5d00000,0x00000000d5e00000,0x00000000d5e00000)
  to   space 2048K, 0% used [0x00000000d5f00000,0x00000000d5f00000,0x00000000d6100000)
 ParOldGen       total 1062912K, used 1062420K [0x0000000080000000, 0x00000000c0e00000, 0x00000000d5580000)
  object space 1062912K, 99% used [0x0000000080000000,0x00000000c0d851b0,0x00000000c0e00000)
 Metaspace       used 98580K, committed 100544K, reserved 1179648K
  class space    used 11179K, committed 12032K, reserved 1048576K
}
Event: 2591.282 GC heap after
{Heap after GC invocations=3032 (full 4):
 PSYoungGen      total 8704K, used 785K [0x00000000d5580000, 0x00000000d6000000, 0x0000000100000000)
  eden space 7680K, 0% used [0x00000000d5580000,0x00000000d5580000,0x00000000d5d00000)
  from space 1024K, 76% used [0x00000000d5f00000,0x00000000d5fc45e0,0x00000000d6000000)
  to   space 1536K, 0% used [0x00000000d5d00000,0x00000000d5d00000,0x00000000d5e80000)
 ParOldGen       total 1063936K, used 1063468K [0x0000000080000000, 0x00000000c0f00000, 0x00000000d5580000)
  object space 1063936K, 99% used [0x0000000080000000,0x00000000c0e8b1e0,0x00000000c0f00000)
 Metaspace       used 98580K, committed 100544K, reserved 1179648K
  class space    used 11179K, committed 12032K, reserved 1048576K
}

