# JRE version: OpenJDK Runtime Environment Temurin-17.0.18+8 (17.0.18+8) (build 17.0.18+8)
# Java VM: OpenJDK 64-Bit Server VM Temurin-17.0.18+8 (17.0.18+8, mixed mode, sharing, tiered, compressed oops, compressed class ptrs, g1 gc, windows-amd64)
GC Precious Log:
 CPUs: 8 total, 8 available
 Memory: 16167M
 Large Page Support: Disabled
 NUMA Support: Disabled
 Compressed Oops: Enabled (32-bit)
 Heap Region Size: 1M
 Heap Min Capacity: 256M
 Heap Initial Capacity: 256M
 Heap Max Capacity: 512M
 Pre-touch: Disabled
 Parallel Workers: 8
 Concurrent Workers: 2
 Concurrent Refinement Workers: 8
 Periodic GC: Disabled
Heap:
 garbage-first heap   total 262144K, used 61951K [0x00000000e0000000, 0x0000000100000000)
  region size 1024K, 53 young (54272K), 12 survivors (12288K)
 Metaspace       used 29243K, committed 29632K, reserved 278528K
  class space    used 4125K, committed 4288K, reserved 212992K
GC Heap History (6 events):
Event: 0.911 GC heap before
{Heap before GC invocations=0 (full 0):
 garbage-first heap   total 262144K, used 28672K [0x00000000e0000000, 0x0000000100000000)
  region size 1024K, 23 young (23552K), 0 survivors (0K)
 Metaspace       used 3003K, committed 3136K, reserved 278528K
  class space    used 384K, committed 448K, reserved 212992K
}
Event: 0.916 GC heap after
{Heap after GC invocations=1 (full 0):
 garbage-first heap   total 262144K, used 9360K [0x00000000e0000000, 0x0000000100000000)
  region size 1024K, 3 young (3072K), 3 survivors (3072K)
 Metaspace       used 3003K, committed 3136K, reserved 278528K
  class space    used 384K, committed 448K, reserved 212992K
}
Event: 1.612 GC heap before
{Heap before GC invocations=1 (full 0):
 garbage-first heap   total 262144K, used 38032K [0x00000000e0000000, 0x0000000100000000)
  region size 1024K, 30 young (30720K), 3 survivors (3072K)
 Metaspace       used 3924K, committed 4096K, reserved 278528K
  class space    used 479K, committed 576K, reserved 212992K
}
Event: 1.616 GC heap after
{Heap after GC invocations=2 (full 0):
 garbage-first heap   total 262144K, used 11958K [0x00000000e0000000, 0x0000000100000000)
  region size 1024K, 3 young (3072K), 3 survivors (3072K)
 Metaspace       used 3924K, committed 4096K, reserved 278528K
  class space    used 479K, committed 576K, reserved 212992K
}
Event: 5.536 GC heap before
{Heap before GC invocations=2 (full 0):
 garbage-first heap   total 262144K, used 119478K [0x00000000e0000000, 0x0000000100000000)
  region size 1024K, 109 young (111616K), 3 survivors (3072K)
 Metaspace       used 21281K, committed 21504K, reserved 278528K
  class space    used 3161K, committed 3264K, reserved 212992K
}
Event: 5.547 GC heap after
{Heap after GC invocations=3 (full 0):
 garbage-first heap   total 262144K, used 22015K [0x00000000e0000000, 0x0000000100000000)
  region size 1024K, 12 young (12288K), 12 survivors (12288K)
 Metaspace       used 21281K, committed 21504K, reserved 278528K
  class space    used 3161K, committed 3264K, reserved 212992K
}

